<?xml version="1.0" encoding="UTF-8"?>
<!-- Generated by org.testng.reporters.JUnitReportReporter -->
<testsuite hostname="DESKTOP-BITRVCE" failures="0" tests="1" name="com.mystore.testcases.SearchResultPageTest" time="16.057" errors="0" timestamp="2022-02-19T00:33:57 IST" skipped="0">
  <testcase classname="com.mystore.testcases.SearchResultPageTest" name="productAvailabilityTest" time="16.057"/>
  <system-out/>
</testsuite> <!-- com.mystore.testcases.SearchResultPageTest -->
