<?xml version="1.0" encoding="UTF-8"?>
<!-- Generated by org.testng.reporters.JUnitReportReporter -->
<testsuite hostname="DESKTOP-BITRVCE" failures="0" tests="2" name="com.mystore.testcases.HomePageTest" time="61.026" errors="0" timestamp="2022-02-19T00:33:57 IST" skipped="0">
  <testcase classname="com.mystore.testcases.HomePageTest" name="orderHistoryandDetailsTest" time="27.642"/>
  <system-out/>
  <testcase classname="com.mystore.testcases.HomePageTest" name="wishListTest" time="33.384"/>
  <system-out/>
</testsuite> <!-- com.mystore.testcases.HomePageTest -->
