<?xml version="1.0" encoding="UTF-8"?>
<!-- Generated by org.testng.reporters.JUnitReportReporter -->
<testsuite hostname="DESKTOP-BITRVCE" failures="0" tests="1" name="com.mystore.testcases.AddToCartPageTest" time="21.995" errors="0" timestamp="2022-02-19T00:33:57 IST" skipped="0">
  <testcase classname="com.mystore.testcases.AddToCartPageTest" name="addToCartTest" time="21.995"/>
  <system-out/>
</testsuite> <!-- com.mystore.testcases.AddToCartPageTest -->
